<?xml version="1.0" encoding="UTF-8"?>
<!-- Generated by org.testng.reporters.JUnitReportReporter -->
<testsuite hostname="DESKTOP-30MHC5G" failures="0" tests="1" name="testCases.Registeration" time="21.175" errors="0" timestamp="2023-05-01T15:33:10 IST" skipped="0">
  <testcase classname="testCases.Registeration" name="UserRegisteration" time="21.175"/>
  <system-out>
    <![CDATA[Waiting for 500ms
Taking screenshot
Test case UserRegisteration is passed , Good job!]]>
  </system-out>
</testsuite> <!-- testCases.Registeration -->
