<?xml version="1.0" encoding="UTF-8"?>
<!-- Generated by org.testng.reporters.JUnitReportReporter -->
<testsuite hostname="DESKTOP-30MHC5G" failures="0" tests="1" name="testCases.URL" time="2.457" errors="0" timestamp="2023-05-01T14:03:31 IST" skipped="0">
  <testcase classname="testCases.URL" name="ValidatingURL" time="2.457"/>
  <system-out/>
</testsuite> <!-- testCases.URL -->
